# JRE version: OpenJDK Runtime Environment (8.0_152-b01) (build 1.8.0_152-release-915-b01)
# Java VM: OpenJDK 64-Bit Server VM (25.152-b01 mixed mode windows-amd64 compressed oops)
Heap:
 PSYoungGen      total 429568K, used 328800K [0x00000000e0000000, 0x00000000fd780000, 0x0000000100000000)
  eden space 388608K, 79% used [0x00000000e0000000,0x00000000f2f1ef78,0x00000000f7b80000)
  from space 40960K, 44% used [0x00000000faf80000,0x00000000fc179300,0x00000000fd780000)
  to   space 47104K, 0% used [0x00000000f7b80000,0x00000000f7b80000,0x00000000fa980000)
 ParOldGen       total 229376K, used 43775K [0x00000000a0000000, 0x00000000ae000000, 0x00000000e0000000)
  object space 229376K, 19% used [0x00000000a0000000,0x00000000a2abfc70,0x00000000ae000000)
 Metaspace       used 65105K, capacity 67152K, committed 67328K, reserved 1107968K
  class space    used 8264K, capacity 8676K, committed 8704K, reserved 1048576K
GC Heap History (10 events):
Event: 342.523 GC heap before
{Heap before GC invocations=31 (full 4):
 PSYoungGen      total 281088K, used 277664K [0x00000000e0000000, 0x00000000f5500000, 0x0000000100000000)
  eden space 244736K, 100% used [0x00000000e0000000,0x00000000eef00000,0x00000000eef00000)
  from space 36352K, 90% used [0x00000000f3180000,0x00000000f51a8000,0x00000000f5500000)
  to   space 52224K, 0% used [0x00000000eef00000,0x00000000eef00000,0x00000000f2200000)
 ParOldGen       total 229376K, used 105597K [0x00000000a0000000, 0x00000000ae000000, 0x00000000e0000000)
  object space 229376K, 46% used [0x00000000a0000000,0x00000000a671f7c0,0x00000000ae000000)
 Metaspace       used 61405K, capacity 63128K, committed 63360K, reserved 1103872K
  class space    used 7928K, capacity 8300K, committed 8320K, reserved 1048576K
Event: 342.544 GC heap after
Heap after GC invocations=31 (full 4):
 PSYoungGen      total 296960K, used 18880K [0x00000000e0000000, 0x00000000f9180000, 0x0000000100000000)
  eden space 244736K, 0% used [0x00000000e0000000,0x00000000e0000000,0x00000000eef00000)
  from space 52224K, 36% used [0x00000000eef00000,0x00000000f0170000,0x00000000f2200000)
  to   space 50176K, 0% used [0x00000000f6080000,0x00000000f6080000,0x00000000f9180000)
 ParOldGen       total 229376K, used 123563K [0x00000000a0000000, 0x00000000ae000000, 0x00000000e0000000)
  object space 229376K, 53% used [0x00000000a0000000,0x00000000a78aaeb8,0x00000000ae000000)
 Metaspace       used 61405K, capacity 63128K, committed 63360K, reserved 1103872K
  class space    used 7928K, capacity 8300K, committed 8320K, reserved 1048576K
}
Event: 371.973 GC heap before
{Heap before GC invocations=32 (full 4):
 PSYoungGen      total 296960K, used 248683K [0x00000000e0000000, 0x00000000f9180000, 0x0000000100000000)
  eden space 244736K, 93% used [0x00000000e0000000,0x00000000ee06aea8,0x00000000eef00000)
  from space 52224K, 36% used [0x00000000eef00000,0x00000000f0170000,0x00000000f2200000)
  to   space 50176K, 0% used [0x00000000f6080000,0x00000000f6080000,0x00000000f9180000)
 ParOldGen       total 229376K, used 123563K [0x00000000a0000000, 0x00000000ae000000, 0x00000000e0000000)
  object space 229376K, 53% used [0x00000000a0000000,0x00000000a78aaeb8,0x00000000ae000000)
 Metaspace       used 62125K, capacity 63874K, committed 64000K, reserved 1105920K
  class space    used 8049K, capacity 8437K, committed 8448K, reserved 1048576K
Event: 371.996 GC heap after
Heap after GC invocations=32 (full 4):
 PSYoungGen      total 357888K, used 18053K [0x00000000e0000000, 0x00000000f8e80000, 0x0000000100000000)
  eden space 310784K, 0% used [0x00000000e0000000,0x00000000e0000000,0x00000000f2f80000)
  from space 47104K, 38% used [0x00000000f6080000,0x00000000f7221550,0x00000000f8e80000)
  to   space 48640K, 0% used [0x00000000f2f80000,0x00000000f2f80000,0x00000000f5f00000)
 ParOldGen       total 229376K, used 127131K [0x00000000a0000000, 0x00000000ae000000, 0x00000000e0000000)
  object space 229376K, 55% used [0x00000000a0000000,0x00000000a7c26eb8,0x00000000ae000000)
 Metaspace       used 62125K, capacity 63874K, committed 64000K, reserved 1105920K
  class space    used 8049K, capacity 8437K, committed 8448K, reserved 1048576K
}
Event: 371.996 GC heap before
{Heap before GC invocations=33 (full 5):
 PSYoungGen      total 357888K, used 18053K [0x00000000e0000000, 0x00000000f8e80000, 0x0000000100000000)
  eden space 310784K, 0% used [0x00000000e0000000,0x00000000e0000000,0x00000000f2f80000)
  from space 47104K, 38% used [0x00000000f6080000,0x00000000f7221550,0x00000000f8e80000)
  to   space 48640K, 0% used [0x00000000f2f80000,0x00000000f2f80000,0x00000000f5f00000)
 ParOldGen       total 229376K, used 127131K [0x00000000a0000000, 0x00000000ae000000, 0x00000000e0000000)
  object space 229376K, 55% used [0x00000000a0000000,0x00000000a7c26eb8,0x00000000ae000000)
 Metaspace       used 62125K, capacity 63874K, committed 64000K, reserved 1105920K
  class space    used 8049K, capacity 8437K, committed 8448K, reserved 1048576K
Event: 372.177 GC heap after
Heap after GC invocations=33 (full 5):
 PSYoungGen      total 357888K, used 0K [0x00000000e0000000, 0x00000000f8e80000, 0x0000000100000000)
  eden space 310784K, 0% used [0x00000000e0000000,0x00000000e0000000,0x00000000f2f80000)
  from space 47104K, 0% used [0x00000000f6080000,0x00000000f6080000,0x00000000f8e80000)
  to   space 48640K, 0% used [0x00000000f2f80000,0x00000000f2f80000,0x00000000f5f00000)
 ParOldGen       total 229376K, used 43759K [0x00000000a0000000, 0x00000000ae000000, 0x00000000e0000000)
  object space 229376K, 19% used [0x00000000a0000000,0x00000000a2abbc70,0x00000000ae000000)
 Metaspace       used 62125K, capacity 63874K, committed 64000K, reserved 1105920K
  class space    used 8049K, capacity 8437K, committed 8448K, reserved 1048576K
}
Event: 1601.291 GC heap before
{Heap before GC invocations=34 (full 5):
 PSYoungGen      total 357888K, used 310784K [0x00000000e0000000, 0x00000000f8e80000, 0x0000000100000000)
  eden space 310784K, 100% used [0x00000000e0000000,0x00000000f2f80000,0x00000000f2f80000)
  from space 47104K, 0% used [0x00000000f6080000,0x00000000f6080000,0x00000000f8e80000)
  to   space 48640K, 0% used [0x00000000f2f80000,0x00000000f2f80000,0x00000000f5f00000)
 ParOldGen       total 229376K, used 43759K [0x00000000a0000000, 0x00000000ae000000, 0x00000000e0000000)
  object space 229376K, 19% used [0x00000000a0000000,0x00000000a2abbc70,0x00000000ae000000)
 Metaspace       used 62748K, capacity 64746K, committed 64896K, reserved 1105920K
  class space    used 8082K, capacity 8483K, committed 8576K, reserved 1048576K
Event: 1601.299 GC heap after
Heap after GC invocations=34 (full 5):
 PSYoungGen      total 359424K, used 3600K [0x00000000e0000000, 0x00000000fe000000, 0x0000000100000000)
  eden space 310784K, 0% used [0x00000000e0000000,0x00000000e0000000,0x00000000f2f80000)
  from space 48640K, 7% used [0x00000000f2f80000,0x00000000f3304030,0x00000000f5f00000)
  to   space 49664K, 0% used [0x00000000faf80000,0x00000000faf80000,0x00000000fe000000)
 ParOldGen       total 229376K, used 43767K [0x00000000a0000000, 0x00000000ae000000, 0x00000000e0000000)
  object space 229376K, 19% used [0x00000000a0000000,0x00000000a2abdc70,0x00000000ae000000)
 Metaspace       used 62748K, capacity 64746K, committed 64896K, reserved 1105920K
  class space    used 8082K, capacity 8483K, committed 8576K, reserved 1048576K
}
Event: 1628.402 GC heap before
{Heap before GC invocations=35 (full 5):
 PSYoungGen      total 359424K, used 314384K [0x00000000e0000000, 0x00000000fe000000, 0x0000000100000000)
  eden space 310784K, 100% used [0x00000000e0000000,0x00000000f2f80000,0x00000000f2f80000)
  from space 48640K, 7% used [0x00000000f2f80000,0x00000000f3304030,0x00000000f5f00000)
  to   space 49664K, 0% used [0x00000000faf80000,0x00000000faf80000,0x00000000fe000000)
 ParOldGen       total 229376K, used 43767K [0x00000000a0000000, 0x00000000ae000000, 0x00000000e0000000)
  object space 229376K, 19% used [0x00000000a0000000,0x00000000a2abdc70,0x00000000ae000000)
 Metaspace       used 64265K, capacity 66318K, committed 66560K, reserved 1107968K
  class space    used 8210K, capacity 8639K, committed 8704K, reserved 1048576K
Event: 1628.419 GC heap after
Heap after GC invocations=35 (full 5):
 PSYoungGen      total 429568K, used 18404K [0x00000000e0000000, 0x00000000fd780000, 0x0000000100000000)
  eden space 388608K, 0% used [0x00000000e0000000,0x00000000e0000000,0x00000000f7b80000)
  from space 40960K, 44% used [0x00000000faf80000,0x00000000fc179300,0x00000000fd780000)
  to   space 47104K, 0% used [0x00000000f7b80000,0x00000000f7b80000,0x00000000fa980000)
 ParOldGen       total 229376K, used 43775K [0x00000000a0000000, 0x00000000ae000000, 0x00000000e0000000)
  object space 229376K, 19% used [0x00000000a0000000,0x00000000a2abfc70,0x00000000ae000000)
 Metaspace       used 64265K, capacity 66318K, committed 66560K, reserved 1107968K
  class space    used 8210K, capacity 8639K, committed 8704K, reserved 1048576K
}

