# JRE version: OpenJDK Runtime Environment (8.0_152-b01) (build 1.8.0_152-release-915-b01)
# Java VM: OpenJDK 64-Bit Server VM (25.152-b01 mixed mode windows-amd64 compressed oops)
Heap:
 PSYoungGen      total 571392K, used 508064K [0x0000000780000000, 0x00000007af000000, 0x00000007c0000000)
  eden space 469504K, 96% used [0x0000000780000000,0x000000079bc57248,0x000000079ca80000)
  from space 101888K, 52% used [0x00000007a4b80000,0x00000007a7f51000,0x00000007aaf00000)
  to   space 132096K, 0% used [0x000000079ca80000,0x000000079ca80000,0x00000007a4b80000)
 ParOldGen       total 311808K, used 311677K [0x0000000700000000, 0x0000000713080000, 0x0000000780000000)
  object space 311808K, 99% used [0x0000000700000000,0x000000071305f710,0x0000000713080000)
 Metaspace       used 6828K, capacity 7384K, committed 7680K, reserved 1056768K
  class space    used 623K, capacity 656K, committed 768K, reserved 1048576K
GC Heap History (10 events):
Event: 3.957 GC heap before
{Heap before GC invocations=13 (full 1):
 PSYoungGen      total 459776K, used 441257K [0x0000000780000000, 0x00000007a5100000, 0x00000007c0000000)
  eden space 393216K, 100% used [0x0000000780000000,0x0000000798000000,0x0000000798000000)
  from space 66560K, 72% used [0x0000000798000000,0x000000079aeea5d8,0x000000079c100000)
  to   space 71168K, 0% used [0x00000007a0b80000,0x00000007a0b80000,0x00000007a5100000)
 ParOldGen       total 169472K, used 131952K [0x0000000700000000, 0x000000070a580000, 0x0000000780000000)
  object space 169472K, 77% used [0x0000000700000000,0x00000007080dc068,0x000000070a580000)
 Metaspace       used 6813K, capacity 7384K, committed 7680K, reserved 1056768K
  class space    used 623K, capacity 656K, committed 768K, reserved 1048576K
Event: 4.035 GC heap after
Heap after GC invocations=13 (full 1):
 PSYoungGen      total 511488K, used 71159K [0x0000000780000000, 0x00000007a8780000, 0x00000007c0000000)
  eden space 440320K, 0% used [0x0000000780000000,0x0000000780000000,0x000000079ae00000)
  from space 71168K, 99% used [0x00000007a0b80000,0x00000007a50fdc18,0x00000007a5100000)
  to   space 95744K, 0% used [0x000000079ae00000,0x000000079ae00000,0x00000007a0b80000)
 ParOldGen       total 169472K, used 166214K [0x0000000700000000, 0x000000070a580000, 0x0000000780000000)
  object space 169472K, 98% used [0x0000000700000000,0x000000070a251ad8,0x000000070a580000)
 Metaspace       used 6813K, capacity 7384K, committed 7680K, reserved 1056768K
  class space    used 623K, capacity 656K, committed 768K, reserved 1048576K
}
Event: 4.035 GC heap before
{Heap before GC invocations=14 (full 2):
 PSYoungGen      total 511488K, used 71159K [0x0000000780000000, 0x00000007a8780000, 0x00000007c0000000)
  eden space 440320K, 0% used [0x0000000780000000,0x0000000780000000,0x000000079ae00000)
  from space 71168K, 99% used [0x00000007a0b80000,0x00000007a50fdc18,0x00000007a5100000)
  to   space 95744K, 0% used [0x000000079ae00000,0x000000079ae00000,0x00000007a0b80000)
 ParOldGen       total 169472K, used 166214K [0x0000000700000000, 0x000000070a580000, 0x0000000780000000)
  object space 169472K, 98% used [0x0000000700000000,0x000000070a251ad8,0x000000070a580000)
 Metaspace       used 6813K, capacity 7384K, committed 7680K, reserved 1056768K
  class space    used 623K, capacity 656K, committed 768K, reserved 1048576K
Event: 4.886 GC heap after
Heap after GC invocations=14 (full 2):
 PSYoungGen      total 511488K, used 64711K [0x0000000780000000, 0x00000007a8780000, 0x00000007c0000000)
  eden space 440320K, 0% used [0x0000000780000000,0x0000000780000000,0x000000079ae00000)
  from space 71168K, 90% used [0x00000007a0b80000,0x00000007a4ab1ce0,0x00000007a5100000)
  to   space 95744K, 0% used [0x000000079ae00000,0x000000079ae00000,0x00000007a0b80000)
 ParOldGen       total 311808K, used 169321K [0x0000000700000000, 0x0000000713080000, 0x0000000780000000)
  object space 311808K, 54% used [0x0000000700000000,0x000000070a55a638,0x0000000713080000)
 Metaspace       used 6813K, capacity 7384K, committed 7680K, reserved 1056768K
  class space    used 623K, capacity 656K, committed 768K, reserved 1048576K
}
Event: 5.555 GC heap before
{Heap before GC invocations=15 (full 2):
 PSYoungGen      total 511488K, used 505031K [0x0000000780000000, 0x00000007a8780000, 0x00000007c0000000)
  eden space 440320K, 100% used [0x0000000780000000,0x000000079ae00000,0x000000079ae00000)
  from space 71168K, 90% used [0x00000007a0b80000,0x00000007a4ab1ce0,0x00000007a5100000)
  to   space 95744K, 0% used [0x000000079ae00000,0x000000079ae00000,0x00000007a0b80000)
 ParOldGen       total 311808K, used 169321K [0x0000000700000000, 0x0000000713080000, 0x0000000780000000)
  object space 311808K, 54% used [0x0000000700000000,0x000000070a55a638,0x0000000713080000)
 Metaspace       used 6818K, capacity 7384K, committed 7680K, reserved 1056768K
  class space    used 623K, capacity 656K, committed 768K, reserved 1048576K
Event: 5.659 GC heap after
Heap after GC invocations=15 (full 2):
 PSYoungGen      total 536064K, used 67304K [0x0000000780000000, 0x00000007aaf00000, 0x00000007c0000000)
  eden space 440320K, 0% used [0x0000000780000000,0x0000000780000000,0x000000079ae00000)
  from space 95744K, 70% used [0x000000079ae00000,0x000000079efba058,0x00000007a0b80000)
  to   space 101888K, 0% used [0x00000007a4b80000,0x00000007a4b80000,0x00000007aaf00000)
 ParOldGen       total 311808K, used 234327K [0x0000000700000000, 0x0000000713080000, 0x0000000780000000)
  object space 311808K, 75% used [0x0000000700000000,0x000000070e4d5d80,0x0000000713080000)
 Metaspace       used 6818K, capacity 7384K, committed 7680K, reserved 1056768K
  class space    used 623K, capacity 656K, committed 768K, reserved 1048576K
}
Event: 6.175 GC heap before
{Heap before GC invocations=16 (full 2):
 PSYoungGen      total 536064K, used 507624K [0x0000000780000000, 0x00000007aaf00000, 0x00000007c0000000)
  eden space 440320K, 100% used [0x0000000780000000,0x000000079ae00000,0x000000079ae00000)
  from space 95744K, 70% used [0x000000079ae00000,0x000000079efba058,0x00000007a0b80000)
  to   space 101888K, 0% used [0x00000007a4b80000,0x00000007a4b80000,0x00000007aaf00000)
 ParOldGen       total 311808K, used 234327K [0x0000000700000000, 0x0000000713080000, 0x0000000780000000)
  object space 311808K, 75% used [0x0000000700000000,0x000000070e4d5d80,0x0000000713080000)
 Metaspace       used 6824K, capacity 7384K, committed 7680K, reserved 1056768K
  class space    used 623K, capacity 656K, committed 768K, reserved 1048576K
Event: 6.261 GC heap after
Heap after GC invocations=16 (full 2):
 PSYoungGen      total 571392K, used 101882K [0x0000000780000000, 0x00000007af000000, 0x00000007c0000000)
  eden space 469504K, 0% used [0x0000000780000000,0x0000000780000000,0x000000079ca80000)
  from space 101888K, 99% used [0x00000007a4b80000,0x00000007aaefe8f0,0x00000007aaf00000)
  to   space 132096K, 0% used [0x000000079ca80000,0x000000079ca80000,0x00000007a4b80000)
 ParOldGen       total 311808K, used 268332K [0x0000000700000000, 0x0000000713080000, 0x0000000780000000)
  object space 311808K, 86% used [0x0000000700000000,0x000000071060b068,0x0000000713080000)
 Metaspace       used 6824K, capacity 7384K, committed 7680K, reserved 1056768K
  class space    used 623K, capacity 656K, committed 768K, reserved 1048576K
}
Event: 6.261 GC heap before
{Heap before GC invocations=17 (full 3):
 PSYoungGen      total 571392K, used 101882K [0x0000000780000000, 0x00000007af000000, 0x00000007c0000000)
  eden space 469504K, 0% used [0x0000000780000000,0x0000000780000000,0x000000079ca80000)
  from space 101888K, 99% used [0x00000007a4b80000,0x00000007aaefe8f0,0x00000007aaf00000)
  to   space 132096K, 0% used [0x000000079ca80000,0x000000079ca80000,0x00000007a4b80000)
 ParOldGen       total 311808K, used 268332K [0x0000000700000000, 0x0000000713080000, 0x0000000780000000)
  object space 311808K, 86% used [0x0000000700000000,0x000000071060b068,0x0000000713080000)
 Metaspace       used 6824K, capacity 7384K, committed 7680K, reserved 1056768K
  class space    used 623K, capacity 656K, committed 768K, reserved 1048576K
Event: 8.058 GC heap after
Heap after GC invocations=17 (full 3):
 PSYoungGen      total 571392K, used 53060K [0x0000000780000000, 0x00000007af000000, 0x00000007c0000000)
  eden space 469504K, 0% used [0x0000000780000000,0x0000000780000000,0x000000079ca80000)
  from space 101888K, 52% used [0x00000007a4b80000,0x00000007a7f51000,0x00000007aaf00000)
  to   space 132096K, 0% used [0x000000079ca80000,0x000000079ca80000,0x00000007a4b80000)
 ParOldGen       total 311808K, used 311677K [0x0000000700000000, 0x0000000713080000, 0x0000000780000000)
  object space 311808K, 99% used [0x0000000700000000,0x000000071305f710,0x0000000713080000)
 Metaspace       used 6824K, capacity 7384K, committed 7680K, reserved 1056768K
  class space    used 623K, capacity 656K, committed 768K, reserved 1048576K
}

